TN:
SF:script/VibeText.s.sol
DA:10,0
FN:10,CounterScript.setUp
FNDA:0,CounterScript.setUp
DA:12,0
FN:12,CounterScript.run
FNDA:0,CounterScript.run
DA:13,0
DA:16,0
DA:18,0
FNF:2
FNH:0
LF:5
LH:0
BRF:0
BRH:0
end_of_record
TN:
SF:src/Module/PauseModule.sol
DA:10,0
FN:10,PauseModule.whenNotPaused
FNDA:0,PauseModule.whenNotPaused
DA:11,0
BRDA:11,0,0,-
BRDA:11,0,1,1
DA:15,0
FN:15,PauseModule.whenPaused
FNDA:0,PauseModule.whenPaused
DA:16,0
BRDA:16,1,0,-
BRDA:16,1,1,-
DA:20,1
FN:20,PauseModule._pause
FNDA:1,PauseModule._pause
DA:21,1
DA:22,1
DA:25,0
FN:25,PauseModule._unpause
FNDA:0,PauseModule._unpause
DA:26,0
DA:27,0
FNF:4
FNH:1
LF:10
LH:3
BRF:4
BRH:1
end_of_record
TN:
SF:src/VibeText.sol
DA:12,3
FN:12,VibeText.constructor
FNDA:3,VibeText.constructor
DA:13,3
DA:16,0
FN:16,VibeText.onlyOwner
FNDA:0,VibeText.onlyOwner
DA:17,0
BRDA:17,0,0,-
DA:18,0
DA:23,0
FN:23,VibeText.requestTune
FNDA:0,VibeText.requestTune
DA:25,0
BRDA:25,1,0,-
DA:26,0
DA:29,0
DA:32,0
FN:32,VibeText.changePrice
FNDA:0,VibeText.changePrice
DA:34,0
DA:36,0
DA:39,0
FN:39,VibeText.withdraw
FNDA:0,VibeText.withdraw
DA:41,0
BRDA:41,2,0,-
DA:42,0
DA:45,0
DA:47,0
BRDA:47,3,0,-
DA:48,0
DA:51,0
DA:54,2
FN:54,VibeText.pause
FNDA:2,VibeText.pause
DA:55,1
DA:58,0
FN:58,VibeText.unpause
FNDA:0,VibeText.unpause
DA:59,0
FNF:7
FNH:2
LF:23
LH:4
BRF:4
BRH:0
end_of_record
